<?xml version="1.0" encoding="UTF-8"?>
<testsuite name="runnners.Loginrunners" tests="0" skipped="0" failures="0" errors="0" timestamp="1970-01-01T00:00:00" hostname="DESKTOP-5F4P97H" time="0.0">
  <properties/>
  <system-out><![CDATA[
?[31mFailed scenarios:?[0m
?[31msrc/test/resources/features/login.feature:14 ?[0m# login Successfull
?[31msrc/test/resources/features/login.feature:15 ?[0m# login Successfull
?[31msrc/test/resources/features/login.feature:16 ?[0m# login Successfull

4 Scenarios (?[31m3 failed?[0m, ?[32m1 passed?[0m)
12 Steps (?[31m3 failed?[0m, ?[32m9 passed?[0m)
0m34,905s

java.lang.AssertionError: el objeto deseado no se encuntra disponible - 
Expected: <false>
     but: was <true>
	at net.serenitybdd.screenplay.ErrorTally.throwSummaryExceptionFrom(ErrorTally.java:36)
	at net.serenitybdd.screenplay.ErrorTally.reportAnyErrors(ErrorTally.java:30)
	at net.serenitybdd.screenplay.Actor.should(Actor.java:301)
	at stepdefinitions.LoginStepdefinitions.heUserCouldSeeTheProducts(LoginStepdefinitions.java:56)
	at ?.he user could see the products(src/test/resources/features/login.feature:9)

java.lang.AssertionError: el objeto deseado no se encuntra disponible - 
Expected: <false>
     but: was <true>
	at net.serenitybdd.screenplay.ErrorTally.throwSummaryExceptionFrom(ErrorTally.java:36)
	at net.serenitybdd.screenplay.ErrorTally.reportAnyErrors(ErrorTally.java:30)
	at net.serenitybdd.screenplay.Actor.should(Actor.java:301)
	at stepdefinitions.LoginStepdefinitions.heUserCouldSeeTheProducts(LoginStepdefinitions.java:56)
	at ?.he user could see the products(src/test/resources/features/login.feature:9)

java.lang.AssertionError: el objeto deseado no se encuntra disponible - 
Expected: <false>
     but: was <true>
	at net.serenitybdd.screenplay.ErrorTally.throwSummaryExceptionFrom(ErrorTally.java:36)
	at net.serenitybdd.screenplay.ErrorTally.reportAnyErrors(ErrorTally.java:30)
	at net.serenitybdd.screenplay.Actor.should(Actor.java:301)
	at stepdefinitions.LoginStepdefinitions.heUserCouldSeeTheProducts(LoginStepdefinitions.java:56)
	at ?.he user could see the products(src/test/resources/features/login.feature:9)

]]></system-out>
  <system-err><![CDATA[[Test worker] INFO net.thucydides.core.steps.ConsoleLoggingListener - 

-------------------------------------------------------------------------------------
     _______. _______ .______       _______ .__   __.  __  .___________.____    ____ 
    /       ||   ____||   _  \     |   ____||  \ |  | |  | |           |\   \  /   / 
   |   (----`|  |__   |  |_)  |    |  |__   |   \|  | |  | `---|  |----` \   \/   /  
    \   \    |   __|  |      /     |   __|  |  . `  | |  |     |  |       \_    _/   
.----)   |   |  |____ |  |\  \----.|  |____ |  |\   | |  |     |  |         |  |     
|_______/    |_______|| _| `._____||_______||__| \__| |__|     |__|         |__|    
                                                                                     
 News and tutorials at http://www.serenity-bdd.info                                  
 Documentation at https://wakaleo.gitbooks.io/the-serenity-book/content/             
 Join the Serenity Community on Rocket Chat at https://serenity-bdd.rocket.chat      
 Serenity BDD Support and Training at http://serenity-bdd.info/#/trainingandsupport  
 Learn Serenity BDD online at http://serenity-dojo.com                               
-------------------------------------------------------------------------------------

[Test worker] INFO net.thucydides.core.steps.ConsoleLoggingListener - Test Suite Started: login in the page
[Test worker] INFO net.thucydides.core.steps.ConsoleLoggingListener - 
 _____ _____ ____ _____   ____ _____  _    ____ _____ _____ ____  
|_   _| ____/ ___|_   _| / ___|_   _|/ \  |  _ \_   _| ____|  _ \ 
  | | |  _| \___ \ | |   \___ \ | | / _ \ | |_) || | |  _| | | | |
  | | | |___ ___) || |    ___) || |/ ___ \|  _ < | | | |___| |_| |
  |_| |_____|____/ |_|   |____/ |_/_/   \_\_| \_\|_| |_____|____/ 
                                                                  

TEST STARTED: login Successfull
-------------------------------------------------------------------(login-in-the-page;login-successfull)
]]></system-err>
</testsuite>
