<?xml version="1.0" encoding="UTF-8"?>
<testsuite name="rest.com.co.runners.Register_runner" tests="0" skipped="0" failures="0" errors="0" timestamp="1970-01-01T00:00:00" hostname="GS-0027" time="0.0">
  <properties/>
  <system-out><![CDATA[
?[31mFailed scenarios:?[0m
?[31mfile:///C:/Projects/ResreqScreenplay/src/test/resources/features/register_user.feature:17?[0m# get list user
?[31mfile:///C:/Projects/ResreqScreenplay/src/test/resources/features/register_user.feature:38?[0m# Login successful2

?[33mUndefined scenarios:?[0m
?[33mfile:///C:/Projects/ResreqScreenplay/src/test/resources/features/register_user.feature:41?[0m# delete articles

8 Scenarios (?[31m2 failed?[0m, ?[33m1 undefined?[0m, ?[32m5 passed?[0m)
24 Steps (?[31m2 failed?[0m, ?[36m1 skipped?[0m, ?[33m1 undefined?[0m, ?[32m20 passed?[0m)
0m8,947s


java.lang.AssertionError: class java.util.ArrayList cannot be cast to class java.lang.String (java.util.ArrayList and java.lang.String are in module java.base of loader 'bootstrap')
	at net.serenitybdd.screenplay.ErrorTally.throwSummaryExceptionFrom(ErrorTally.java:36)
	at net.serenitybdd.screenplay.ErrorTally.reportAnyErrors(ErrorTally.java:30)
	at net.serenitybdd.screenplay.Actor.should(Actor.java:316)
	at rest.com.co.stepdefinitions.Register_Step.heShouldTheDataList(Register_Step.java:76)
	at ?.he should the data list(file:///C:/Projects/ResreqScreenplay/src/test/resources/features/register_user.feature:20)

java.lang.AssertionError: 
Expected: <200>
     but: was <403>
	at net.serenitybdd.screenplay.ErrorTally.throwSummaryExceptionFrom(ErrorTally.java:36)
	at net.serenitybdd.screenplay.ErrorTally.reportAnyErrors(ErrorTally.java:30)
	at net.serenitybdd.screenplay.Actor.should(Actor.java:316)
	at rest.com.co.stepdefinitions.Login_step_conduit.heShouldSeeTheArticlesAndProductsIntoPages(Login_step_conduit.java:53)
	at ?.he should see the articles and products into pages(file:///C:/Projects/ResreqScreenplay/src/test/resources/features/register_user.feature:33)


You can implement missing steps with the snippets below:

@When("we see articles for the delete")
public void weSeeArticlesForTheDelete() {
    // Write code here that turns the phrase above into concrete actions
    throw new io.cucumber.java.PendingException();
}

@Then("see that the articles are deleted")
public void seeThatTheArticlesAreDeleted() {
    // Write code here that turns the phrase above into concrete actions
    throw new io.cucumber.java.PendingException();
}


]]></system-out>
  <system-err><![CDATA[[Test worker] INFO io.cucumber.core.plugin.SerenityReporter - Running feature from file:///C:/Projects/ResreqScreenplay/src/test/resources/features/register_user.feature
[Test worker] WARN io.cucumber.core.plugin.SerenityReporter - Feature from file:///C:/Projects/ResreqScreenplay/src/test/resources/features/register_user.feature is not under the 'features' directory. Requirements report will not be correctly generated!
[Test worker] INFO  - 

-------------------------------------------------------------------------------------
     _______. _______ .______       _______ .__   __.  __  .___________.____    ____ 
    /       ||   ____||   _  \     |   ____||  \ |  | |  | |           |\   \  /   / 
   |   (----`|  |__   |  |_)  |    |  |__   |   \|  | |  | `---|  |----` \   \/   /  
    \   \    |   __|  |      /     |   __|  |  . `  | |  |     |  |       \_    _/   
.----)   |   |  |____ |  |\  \----.|  |____ |  |\   | |  |     |  |         |  |     
|_______/    |_______|| _| `._____||_______||__| \__| |__|     |__|         |__|    
                                                                                     
 News and tutorials at http://www.serenity-bdd.info                                  
 Documentation at https://wakaleo.gitbooks.io/the-serenity-book/content/             
 Join the Serenity Community on Gitter: https://gitter.im/serenity-bdd/serenity-core 
 Serenity BDD Support and Training at http://serenity-bdd.info/#/trainingandsupport  
-------------------------------------------------------------------------------------

[Test worker] INFO  - Test Suite Started: Register tu users
log4j:WARN No appenders could be found for logger (freemarker.cache).
log4j:WARN Please initialize the log4j system properly.
log4j:WARN See http://logging.apache.org/log4j/1.2/faq.html#noconfig for more info.
]]></system-err>
</testsuite>
