<?xml version="1.0" encoding="UTF-8"?><testsuite errors="1" failures="0" name="Login" skipped="0" tests="1" time="4.6" timestamp="2022-10-10 11:55:45"><testcase name="Login Successful"><error message="No such field com.co.outline.models.Data.username" type="cucumber.runtime.CucumberException">No such field com.co.outline.models.Data.username</error><system-err>No such field com.co.outline.models.Data.username&#13;
cucumber.runner.Runner.runPickle(Runner.java:80)&#13;
</system-err></testcase></testsuite>