<?xml version="1.0" encoding="UTF-8"?><testsuite errors="3" failures="0" name="login in the page" skipped="0" tests="4" time="34.67" timestamp="2022-10-10 05:51:44"><testcase name="login Successfull"><error message="el objeto deseado no se encuntra disponible - &#10;Expected: &lt;false&gt;&#10;     but: was &lt;true&gt;" type="java.lang.AssertionError">el objeto deseado no se encuntra disponible - 
Expected: &lt;false&gt;
     but: was &lt;true&gt;</error><system-err>el objeto deseado no se encuntra disponible - 
Expected: &lt;false&gt;
     but: was &lt;true&gt;&#13;
stepdefinitions.LoginStepdefinitions.heUserCouldSeeTheProducts(LoginStepdefinitions.java:56)&#13;
✽.he user could see the products(src/test/resources/features/login.feature:9)&#13;
</system-err></testcase></testsuite>