<?xml version="1.0" encoding="UTF-8"?><testsuite errors="1" failures="1" name="Register tu users" skipped="1" tests="8" time="8.15" timestamp="2022-10-27 06:05:03"><testcase name="Register Successful"/><testcase name="put the user"/><testcase name="get list user"><error message="class java.util.ArrayList cannot be cast to class java.lang.String (java.util.ArrayList and java.lang.String are in module java.base of loader 'bootstrap')" type="java.lang.AssertionError">class java.util.ArrayList cannot be cast to class java.lang.String (java.util.ArrayList and java.lang.String are in module java.base of loader 'bootstrap')</error><system-err>class java.util.ArrayList cannot be cast to class java.lang.String (java.util.ArrayList and java.lang.String are in module java.base of loader 'bootstrap')&#13;
rest.com.co.stepdefinitions.Register_Step.heShouldTheDataList(Register_Step.java:76)&#13;
✽.he should the data list(file:///C:/Projects/ResreqScreenplay/src/test/resources/features/register_user.feature:20)&#13;
</system-err></testcase><testcase name="Login successful"/><testcase name="Login successful2"><failure message="&#10;Expected: &lt;200&gt;&#10;     but: was &lt;403&gt;" type="java.lang.AssertionError">
Expected: &lt;200&gt;
     but: was &lt;403&gt;</failure><system-err>
Expected: &lt;200&gt;
     but: was &lt;403&gt;&#13;
rest.com.co.stepdefinitions.Login_step_conduit.heShouldSeeTheArticlesAndProductsIntoPages(Login_step_conduit.java:53)&#13;
✽.he should see the articles and products into pages(file:///C:/Projects/ResreqScreenplay/src/test/resources/features/register_user.feature:33)&#13;
</system-err></testcase><testcase name="delete articles"><skipped/></testcase></testsuite>